<?xml version="1.0" encoding="UTF-8"?>
<testng-results ignored="0" total="2" passed="2" failed="0" skipped="0">
  <reporter-output>
  </reporter-output>
  <suite started-at="2019-07-26T06:17:18Z" name="Automation Practice" finished-at="2019-07-26T06:18:12Z" duration-ms="54566">
    <groups>
    </groups>
    <test started-at="2019-07-26T06:17:18Z" name="Test" finished-at="2019-07-26T06:18:12Z" duration-ms="54566">
      <class name="testNg.PurchaseAndDeleteTest">
        <test-method is-config="true" signature="beforeClass()[pri:0, instance:testNg.PurchaseAndDeleteTest@4758820d]" started-at="2019-07-26T06:17:18Z" name="beforeClass" finished-at="2019-07-26T06:17:18Z" duration-ms="11" status="PASS">
          <reporter-output>
          </reporter-output>
        </test-method> <!-- beforeClass -->
        <test-method is-config="true" signature="beforeMethod()[pri:0, instance:testNg.PurchaseAndDeleteTest@4758820d]" started-at="2019-07-26T06:17:18Z" name="beforeMethod" finished-at="2019-07-26T06:17:33Z" duration-ms="14696" status="PASS">
          <reporter-output>
          </reporter-output>
        </test-method> <!-- beforeMethod -->
        <test-method signature="testUno(java.lang.String, java.lang.String, java.lang.String, java.lang.String)[pri:0, instance:testNg.PurchaseAndDeleteTest@4758820d]" started-at="2019-07-26T06:17:33Z" name="testUno" data-provider="testData" finished-at="2019-07-26T06:17:45Z" duration-ms="12273" status="PASS">
          <params>
            <param index="0">
              <value>
                <![CDATA[Blouse]]>
              </value>
            </param>
            <param index="1">
              <value>
                <![CDATA[Black]]>
              </value>
            </param>
            <param index="2">
              <value>
                <![CDATA[1]]>
              </value>
            </param>
            <param index="3">
              <value>
                <![CDATA[$27.00]]>
              </value>
            </param>
          </params>
          <reporter-output>
          </reporter-output>
        </test-method> <!-- testUno -->
        <test-method is-config="true" signature="afterMethod()[pri:0, instance:testNg.PurchaseAndDeleteTest@4758820d]" started-at="2019-07-26T06:17:45Z" name="afterMethod" finished-at="2019-07-26T06:17:46Z" duration-ms="765" status="PASS">
          <reporter-output>
          </reporter-output>
        </test-method> <!-- afterMethod -->
        <test-method is-config="true" signature="beforeMethod()[pri:0, instance:testNg.PurchaseAndDeleteTest@4758820d]" started-at="2019-07-26T06:17:46Z" name="beforeMethod" finished-at="2019-07-26T06:18:00Z" duration-ms="14454" status="PASS">
          <reporter-output>
          </reporter-output>
        </test-method> <!-- beforeMethod -->
        <test-method signature="testUno(java.lang.String, java.lang.String, java.lang.String, java.lang.String)[pri:0, instance:testNg.PurchaseAndDeleteTest@4758820d]" started-at="2019-07-26T06:18:00Z" name="testUno" data-provider="testData" finished-at="2019-07-26T06:18:12Z" duration-ms="11624" status="PASS">
          <params>
            <param index="0">
              <value>
                <![CDATA[Dress]]>
              </value>
            </param>
            <param index="1">
              <value>
                <![CDATA[Orange]]>
              </value>
            </param>
            <param index="2">
              <value>
                <![CDATA[1]]>
              </value>
            </param>
            <param index="3">
              <value>
                <![CDATA[$26.00]]>
              </value>
            </param>
          </params>
          <reporter-output>
          </reporter-output>
        </test-method> <!-- testUno -->
        <test-method is-config="true" signature="afterMethod()[pri:0, instance:testNg.PurchaseAndDeleteTest@4758820d]" started-at="2019-07-26T06:18:12Z" name="afterMethod" finished-at="2019-07-26T06:18:12Z" duration-ms="715" status="PASS">
          <reporter-output>
          </reporter-output>
        </test-method> <!-- afterMethod -->
      </class> <!-- testNg.PurchaseAndDeleteTest -->
    </test> <!-- Test -->
  </suite> <!-- Automation Practice -->
</testng-results>
