<?xml version="1.0" encoding="UTF-8"?>
<testng-results ignored="0" total="2" passed="2" failed="0" skipped="0">
  <reporter-output>
  </reporter-output>
  <suite started-at="2019-07-17T08:47:56Z" name="Default suite" finished-at="2019-07-17T08:49:04Z" duration-ms="68009">
    <groups>
    </groups>
    <test started-at="2019-07-17T08:47:56Z" name="Default test" finished-at="2019-07-17T08:49:04Z" duration-ms="68009">
      <class name="testNg.PurchaseAndDeleteTest">
        <test-method is-config="true" signature="beforeClass()[pri:0, instance:testNg.PurchaseAndDeleteTest@74eb909f]" started-at="2019-07-17T08:47:56Z" name="beforeClass" finished-at="2019-07-17T08:47:56Z" duration-ms="16" status="PASS">
          <reporter-output>
          </reporter-output>
        </test-method> <!-- beforeClass -->
        <test-method is-config="true" signature="beforeMethod()[pri:0, instance:testNg.PurchaseAndDeleteTest@74eb909f]" started-at="2019-07-17T08:47:56Z" name="beforeMethod" finished-at="2019-07-17T08:48:13Z" duration-ms="16768" status="PASS">
          <reporter-output>
          </reporter-output>
        </test-method> <!-- beforeMethod -->
        <test-method signature="testUno(java.lang.String, java.lang.String, java.lang.String, java.lang.String)[pri:0, instance:testNg.PurchaseAndDeleteTest@74eb909f]" started-at="2019-07-17T08:48:13Z" name="testUno" data-provider="testData" finished-at="2019-07-17T08:48:30Z" duration-ms="17281" status="PASS">
          <params>
            <param index="0">
              <value>
                <![CDATA[Blouse]]>
              </value>
            </param>
            <param index="1">
              <value>
                <![CDATA[Black]]>
              </value>
            </param>
            <param index="2">
              <value>
                <![CDATA[1]]>
              </value>
            </param>
            <param index="3">
              <value>
                <![CDATA[$27.00]]>
              </value>
            </param>
          </params>
          <reporter-output>
          </reporter-output>
        </test-method> <!-- testUno -->
        <test-method is-config="true" signature="afterMethod()[pri:0, instance:testNg.PurchaseAndDeleteTest@74eb909f]" started-at="2019-07-17T08:48:30Z" name="afterMethod" finished-at="2019-07-17T08:48:30Z" duration-ms="0" status="PASS">
          <reporter-output>
          </reporter-output>
        </test-method> <!-- afterMethod -->
        <test-method is-config="true" signature="beforeMethod()[pri:0, instance:testNg.PurchaseAndDeleteTest@74eb909f]" started-at="2019-07-17T08:48:30Z" name="beforeMethod" finished-at="2019-07-17T08:48:47Z" duration-ms="16600" status="PASS">
          <reporter-output>
          </reporter-output>
        </test-method> <!-- beforeMethod -->
        <test-method signature="testUno(java.lang.String, java.lang.String, java.lang.String, java.lang.String)[pri:0, instance:testNg.PurchaseAndDeleteTest@74eb909f]" started-at="2019-07-17T08:48:47Z" name="testUno" data-provider="testData" finished-at="2019-07-17T08:49:04Z" duration-ms="17312" status="PASS">
          <params>
            <param index="0">
              <value>
                <![CDATA[Dress]]>
              </value>
            </param>
            <param index="1">
              <value>
                <![CDATA[Orange]]>
              </value>
            </param>
            <param index="2">
              <value>
                <![CDATA[1]]>
              </value>
            </param>
            <param index="3">
              <value>
                <![CDATA[$26.00]]>
              </value>
            </param>
          </params>
          <reporter-output>
          </reporter-output>
        </test-method> <!-- testUno -->
        <test-method is-config="true" signature="afterMethod()[pri:0, instance:testNg.PurchaseAndDeleteTest@74eb909f]" started-at="2019-07-17T08:49:04Z" name="afterMethod" finished-at="2019-07-17T08:49:04Z" duration-ms="0" status="PASS">
          <reporter-output>
          </reporter-output>
        </test-method> <!-- afterMethod -->
      </class> <!-- testNg.PurchaseAndDeleteTest -->
    </test> <!-- Default test -->
  </suite> <!-- Default suite -->
</testng-results>
